Reion redshift       =  11.089
Om_b h^2             =  0.022062
Om_c h^2             =  0.116612
Om_nu h^2            =  0.004277
Om_Lambda            =  0.682500
Om_K                 =  0.000000
Om_m (1-Om_K-Om_L)   =  0.317500
100 theta (CosmoMC)  =  1.045898
N_eff (total)        =  3.046000
 1 nu, g= 1.0153 m_nu*c^2/k_B/T_nu0=   2363.96 (m_nu=  0.398 eV)
Reion opt depth      =  0.0900
Age of universe/GYr  =  13.822
zstar                =  1089.95
r_s(zstar)/Mpc       =  145.32
100*theta            =  1.046361
DA(zstar)/Gpc        =  13.88850
zdrag                =  1058.94
r_s(zdrag)/Mpc       =  148.10
k_D(zstar) Mpc       =  0.1399
100*theta_D          =  0.161671
z_EQ (if v_nu=1)     =  3313.86
k_EQ Mpc (if v_nu=1) =  0.010126
100*theta_EQ         =  0.833690
100*theta_rs_EQ      =  0.460418
tau_recomb/Mpc       =  281.90  tau_now/Mpc =  14170.3
at z = 50.000 sigma8 (all matter) =  0.0203
at z = 46.068 sigma8 (all matter) =  0.0219
at z = 42.438 sigma8 (all matter) =  0.0237
at z = 39.089 sigma8 (all matter) =  0.0256
at z = 35.998 sigma8 (all matter) =  0.0277
at z = 33.145 sigma8 (all matter) =  0.0300
at z = 30.512 sigma8 (all matter) =  0.0324
at z = 28.082 sigma8 (all matter) =  0.0351
at z = 25.840 sigma8 (all matter) =  0.0380
at z = 23.771 sigma8 (all matter) =  0.0411
at z = 21.861 sigma8 (all matter) =  0.0444
at z = 20.098 sigma8 (all matter) =  0.0480
at z = 18.471 sigma8 (all matter) =  0.0520
at z = 16.970 sigma8 (all matter) =  0.0562
at z = 15.584 sigma8 (all matter) =  0.0608
at z = 14.305 sigma8 (all matter) =  0.0658
at z = 13.125 sigma8 (all matter) =  0.0712
at z = 12.036 sigma8 (all matter) =  0.0770
at z = 11.031 sigma8 (all matter) =  0.0833
at z = 10.103 sigma8 (all matter) =  0.0902
at z =  9.247 sigma8 (all matter) =  0.0976
at z =  8.457 sigma8 (all matter) =  0.1056
at z =  7.728 sigma8 (all matter) =  0.1142
at z =  7.055 sigma8 (all matter) =  0.1236
at z =  6.434 sigma8 (all matter) =  0.1337
at z =  5.861 sigma8 (all matter) =  0.1446
at z =  5.332 sigma8 (all matter) =  0.1564
at z =  4.843 sigma8 (all matter) =  0.1692
at z =  4.393 sigma8 (all matter) =  0.1830
at z =  3.977 sigma8 (all matter) =  0.1980
at z =  3.593 sigma8 (all matter) =  0.2141
at z =  3.239 sigma8 (all matter) =  0.2314
at z =  2.912 sigma8 (all matter) =  0.2501
at z =  2.611 sigma8 (all matter) =  0.2702
at z =  2.332 sigma8 (all matter) =  0.2919
at z =  2.075 sigma8 (all matter) =  0.3150
at z =  1.838 sigma8 (all matter) =  0.3398
at z =  1.619 sigma8 (all matter) =  0.3663
at z =  1.417 sigma8 (all matter) =  0.3943
at z =  1.231 sigma8 (all matter) =  0.4240
at z =  1.059 sigma8 (all matter) =  0.4552
at z =  0.900 sigma8 (all matter) =  0.4879
at z =  0.754 sigma8 (all matter) =  0.5216
at z =  0.618 sigma8 (all matter) =  0.5566
at z =  0.494 sigma8 (all matter) =  0.5919
at z =  0.378 sigma8 (all matter) =  0.6279
at z =  0.272 sigma8 (all matter) =  0.6635
at z =  0.174 sigma8 (all matter) =  0.6986
at z =  0.084 sigma8 (all matter) =  0.7326
at z =  0.000 sigma8 (all matter) =  0.7656
at z = 50.000 sigma8^2_vd/sigma8  =  0.0198
at z = 46.068 sigma8^2_vd/sigma8  =  0.0214
at z = 42.438 sigma8^2_vd/sigma8  =  0.0232
at z = 39.089 sigma8^2_vd/sigma8  =  0.0251
at z = 35.998 sigma8^2_vd/sigma8  =  0.0271
at z = 33.145 sigma8^2_vd/sigma8  =  0.0294
at z = 30.512 sigma8^2_vd/sigma8  =  0.0318
at z = 28.082 sigma8^2_vd/sigma8  =  0.0344
at z = 25.840 sigma8^2_vd/sigma8  =  0.0372
at z = 23.771 sigma8^2_vd/sigma8  =  0.0402
at z = 21.861 sigma8^2_vd/sigma8  =  0.0435
at z = 20.098 sigma8^2_vd/sigma8  =  0.0471
at z = 18.471 sigma8^2_vd/sigma8  =  0.0510
at z = 16.970 sigma8^2_vd/sigma8  =  0.0552
at z = 15.584 sigma8^2_vd/sigma8  =  0.0597
at z = 14.305 sigma8^2_vd/sigma8  =  0.0646
at z = 13.125 sigma8^2_vd/sigma8  =  0.0699
at z = 12.036 sigma8^2_vd/sigma8  =  0.0756
at z = 11.031 sigma8^2_vd/sigma8  =  0.0818
at z = 10.103 sigma8^2_vd/sigma8  =  0.0885
at z =  9.247 sigma8^2_vd/sigma8  =  0.0958
at z =  8.457 sigma8^2_vd/sigma8  =  0.1036
at z =  7.728 sigma8^2_vd/sigma8  =  0.1121
at z =  7.055 sigma8^2_vd/sigma8  =  0.1213
at z =  6.434 sigma8^2_vd/sigma8  =  0.1311
at z =  5.861 sigma8^2_vd/sigma8  =  0.1418
at z =  5.332 sigma8^2_vd/sigma8  =  0.1533
at z =  4.843 sigma8^2_vd/sigma8  =  0.1656
at z =  4.393 sigma8^2_vd/sigma8  =  0.1789
at z =  3.977 sigma8^2_vd/sigma8  =  0.1931
at z =  3.593 sigma8^2_vd/sigma8  =  0.2083
at z =  3.239 sigma8^2_vd/sigma8  =  0.2245
at z =  2.912 sigma8^2_vd/sigma8  =  0.2418
at z =  2.611 sigma8^2_vd/sigma8  =  0.2599
at z =  2.332 sigma8^2_vd/sigma8  =  0.2790
at z =  2.075 sigma8^2_vd/sigma8  =  0.2987
at z =  1.838 sigma8^2_vd/sigma8  =  0.3190
at z =  1.619 sigma8^2_vd/sigma8  =  0.3396
at z =  1.417 sigma8^2_vd/sigma8  =  0.3600
at z =  1.231 sigma8^2_vd/sigma8  =  0.3797
at z =  1.059 sigma8^2_vd/sigma8  =  0.3982
at z =  0.900 sigma8^2_vd/sigma8  =  0.4148
at z =  0.754 sigma8^2_vd/sigma8  =  0.4285
at z =  0.618 sigma8^2_vd/sigma8  =  0.4388
at z =  0.494 sigma8^2_vd/sigma8  =  0.4447
at z =  0.378 sigma8^2_vd/sigma8  =  0.4459
at z =  0.272 sigma8^2_vd/sigma8  =  0.4420
at z =  0.174 sigma8^2_vd/sigma8  =  0.4328
at z =  0.084 sigma8^2_vd/sigma8  =  0.4189
at z =  0.000 sigma8^2_vd/sigma8  =  0.4005
